{
  "0 debug pnpm:scope": {
    "selected": 1,
    "workspacePrefix": "/Users/lynn/open-source/smdx"
  },
  "1 error pnpm": {
    "errno": 1,
    "code": "ELIFECYCLE",
    "pkgid": "smdx@1.0.0",
    "stage": "build",
    "script": "rollup -c",
    "pkgname": "smdx",
    "err": {
      "name": "pnpm",
      "message": "smdx@1.0.0 build: `rollup -c`\nExit status 1",
      "code": "ELIFECYCLE",
      "stack": "pnpm: smdx@1.0.0 build: `rollup -c`\nExit status 1\n    at EventEmitter.<anonymous> (/Users/lynn/Library/pnpm/global/5/.pnpm/pnpm@7.4.0/node_modules/pnpm/dist/pnpm.cjs:108597:20)\n    at EventEmitter.emit (node:events:390:28)\n    at ChildProcess.<anonymous> (/Users/lynn/Library/pnpm/global/5/.pnpm/pnpm@7.4.0/node_modules/pnpm/dist/pnpm.cjs:95163:18)\n    at ChildProcess.emit (node:events:390:28)\n    at maybeClose (node:internal/child_process:1064:16)\n    at Process.ChildProcess._handle.onexit (node:internal/child_process:301:5)"
    }
  },
  "2 warn pnpm:global": " Local package.json exists, but node_modules missing, did you mean to install?"
}